Build started 4/20/2014 9:00:40 PM.
     1>Project "C:\Users\LRGBairan\Documents\cocos2d-x-2.2.3\projects\tutsVerticalShooter\proj.win32\tutsVerticalShooter.vcxproj" on node 2 (Build target(s)).
     1>ClCompile:
         C:\Program Files (x86)\Microsoft Visual Studio 11.0\VC\bin\CL.exe /c /I"C:\Users\LRGBairan\Documents\cocos2d-x-2.2.3\projects\tutsVerticalShooter\proj.win32\..\..\..\cocos2dx" /I"C:\Users\LRGBairan\Documents\cocos2d-x-2.2.3\projects\tutsVerticalShooter\proj.win32\..\..\..\cocos2dx\include" /I"C:\Users\LRGBairan\Documents\cocos2d-x-2.2.3\projects\tutsVerticalShooter\proj.win32\..\..\..\cocos2dx\kazmath\include" /I"C:\Users\LRGBairan\Documents\cocos2d-x-2.2.3\projects\tutsVerticalShooter\proj.win32\..\..\..\cocos2dx\platform\win32" /I"C:\Users\LRGBairan\Documents\cocos2d-x-2.2.3\projects\tutsVerticalShooter\proj.win32\..\..\..\cocos2dx\platform\third_party\win32" /I"C:\Users\LRGBairan\Documents\cocos2d-x-2.2.3\projects\tutsVerticalShooter\proj.win32\..\..\..\cocos2dx\platform\third_party\win32\OGLES" /I"C:\Users\LRGBairan\Documents\cocos2d-x-2.2.3\projects\tutsVerticalShooter\proj.win32\..\..\..\external" /I"C:\Users\LRGBairan\Documents\cocos2d-x-2.2.3\projects\tutsVerticalShooter\proj.win32\..\..\..\external\chipmunk\include\chipmunk" /I"C:\Users\LRGBairan\Documents\cocos2d-x-2.2.3\projects\tutsVerticalShooter\proj.win32\..\..\..\CocosDenshion\include" /I"C:\Users\LRGBairan\Documents\cocos2d-x-2.2.3\projects\tutsVerticalShooter\proj.win32\..\..\..\extensions" /I..\Classes /I.. /ZI /nologo /W3 /WX- /Od /Oy- /D WIN32 /D _DEBUG /D _WINDOWS /D _USE_MATH_DEFINES /D GL_GLEXT_PROTOTYPES /D CC_ENABLE_CHIPMUNK_INTEGRATION=1 /D COCOS2D_DEBUG=1 /D _CRT_SECURE_NO_WARNINGS /D _SCL_SECURE_NO_WARNINGS /D _USING_V110_SDK71_ /D _UNICODE /D UNICODE /Gm /EHsc /RTC1 /MDd /GS /fp:precise /Zc:wchar_t /Zc:forScope /Fo"Debug.win32\\" /Fd"Debug.win32\vc110.pdb" /Gd /TP /wd4267 /wd4251 /wd4244 /analyze- /errorReport:prompt ..\Classes\AppDelegate.cpp ..\Classes\Enemy.cpp
         Enemy.cpp
     1>c:\users\lrgbairan\documents\cocos2d-x-2.2.3\projects\tutsverticalshooter\classes\enemy.cpp(1): warning C4067: unexpected tokens following preprocessor directive - expected a newline
     1>c:\users\lrgbairan\documents\cocos2d-x-2.2.3\projects\tutsverticalshooter\classes\enemy.cpp(103): warning C4305: 'argument' : truncation from 'double' to 'float'
     1>c:\users\lrgbairan\documents\cocos2d-x-2.2.3\projects\tutsverticalshooter\classes\enemy.cpp(104): warning C4305: 'argument' : truncation from 'double' to 'float'
         AppDelegate.cpp
         Generating Code...
       PreLinkEvent:
         if not exist "C:\Users\LRGBairan\Documents\cocos2d-x-2.2.3\projects\tutsVerticalShooter\proj.win32\Debug.win32\" mkdir "C:\Users\LRGBairan\Documents\cocos2d-x-2.2.3\projects\tutsVerticalShooter\proj.win32\Debug.win32\"
         xcopy /Y /Q "C:\Users\LRGBairan\Documents\cocos2d-x-2.2.3\projects\tutsVerticalShooter\proj.win32\..\..\..\external\libwebsockets\win32\lib\*.*" "C:\Users\LRGBairan\Documents\cocos2d-x-2.2.3\projects\tutsVerticalShooter\proj.win32\Debug.win32\"
         :VCEnd
         2 File(s) copied
       Link:
         C:\Program Files (x86)\Microsoft Visual Studio 11.0\VC\bin\link.exe /ERRORREPORT:PROMPT /OUT:"C:\Users\LRGBairan\Documents\cocos2d-x-2.2.3\projects\tutsVerticalShooter\proj.win32\Debug.win32\tutsVerticalShooter.exe" /INCREMENTAL /NOLOGO /LIBPATH:"C:\Users\LRGBairan\Documents\cocos2d-x-2.2.3\projects\tutsVerticalShooter\proj.win32\Debug.win32\\" libExtensions.lib libcocos2d.lib libCocosDenshion.lib opengl32.lib glew32.lib libBox2d.lib libchipmunk.lib libcurl_imp.lib pthreadVCE2.lib websockets.lib kernel32.lib user32.lib gdi32.lib winspool.lib comdlg32.lib advapi32.lib shell32.lib ole32.lib oleaut32.lib uuid.lib odbc32.lib odbccp32.lib /MANIFEST /MANIFESTUAC:"level='asInvoker' uiAccess='false'" /manifest:embed /DEBUG /PDB:"C:\Users\LRGBairan\Documents\cocos2d-x-2.2.3\projects\tutsVerticalShooter\proj.win32\Debug.win32\tutsVerticalShooter.pdb" /SUBSYSTEM:WINDOWS,"5.01" /TLBID:1 /DYNAMICBASE /NXCOMPAT /IMPLIB:"C:\Users\LRGBairan\Documents\cocos2d-x-2.2.3\projects\tutsVerticalShooter\proj.win32\Debug.win32\tutsVerticalShooter.lib" /MACHINE:X86 /SAFESEH Debug.win32\AppDelegate.obj
         Debug.win32\Background.obj
         Debug.win32\Enemy.obj
         Debug.win32\GameScene.obj
         Debug.win32\Player.obj
         Debug.win32\Powerup.obj
         Debug.win32\Projectile.obj
         Debug.win32\Shield.obj
         Debug.win32\main.obj
         "C:\Users\LRGBairan\Documents\cocos2d-x-2.2.3\projects\tutsVerticalShooter\proj.win32\Debug.win32\libcocos2d.lib"
         "C:\Users\LRGBairan\Documents\cocos2d-x-2.2.3\projects\tutsVerticalShooter\proj.win32\Debug.win32\libCocosDenshion.lib"
         "C:\Users\LRGBairan\Documents\cocos2d-x-2.2.3\projects\tutsVerticalShooter\proj.win32\Debug.win32\libExtensions.lib"
         "C:\Users\LRGBairan\Documents\cocos2d-x-2.2.3\projects\tutsVerticalShooter\proj.win32\Debug.win32\libBox2D.lib"
         "C:\Users\LRGBairan\Documents\cocos2d-x-2.2.3\projects\tutsVerticalShooter\proj.win32\Debug.win32\libchipmunk.lib"
         tutsVerticalShooter.vcxproj -> C:\Users\LRGBairan\Documents\cocos2d-x-2.2.3\projects\tutsVerticalShooter\proj.win32\Debug.win32\tutsVerticalShooter.exe
     1>Done Building Project "C:\Users\LRGBairan\Documents\cocos2d-x-2.2.3\projects\tutsVerticalShooter\proj.win32\tutsVerticalShooter.vcxproj" (Build target(s)).

Build succeeded.

Time Elapsed 00:00:30.77
